<?xml version="1.0" encoding="UTF-8"?>
<testsuite xmlns:xsi="http://www.w3.org/2001/XMLSchema-instance" xsi:noNamespaceSchemaLocation="https://maven.apache.org/surefire/maven-surefire-plugin/xsd/surefire-test-report.xsd" name="com.sapient.creditcard.integration.CreditCardIntegrationTests" time="0.894" tests="5" errors="0" skipped="0" failures="5">
  <properties>
    <property name="java.specification.version" value="16"/>
    <property name="sonar.login" value="e5c312631e238b2e9a24ab0acb1e0f31ce668d6a"/>
    <property name="sonar.host.url" value="http://localhost:9000"/>
    <property name="sun.jnu.encoding" value="UTF-8"/>
    <property name="java.class.path" value="/Users/hemavathitamilmaran/IdeaProjects/creditcard/target/test-classes:/Users/hemavathitamilmaran/IdeaProjects/creditcard/target/classes:/Users/hemavathitamilmaran/.m2/repository/org/springframework/boot/spring-boot-starter-web/2.5.0/spring-boot-starter-web-2.5.0.jar:/Users/hemavathitamilmaran/.m2/repository/org/springframework/boot/spring-boot-starter/2.5.0/spring-boot-starter-2.5.0.jar:/Users/hemavathitamilmaran/.m2/repository/org/springframework/boot/spring-boot/2.5.0/spring-boot-2.5.0.jar:/Users/hemavathitamilmaran/.m2/repository/org/springframework/boot/spring-boot-autoconfigure/2.5.0/spring-boot-autoconfigure-2.5.0.jar:/Users/hemavathitamilmaran/.m2/repository/org/springframework/boot/spring-boot-starter-logging/2.5.0/spring-boot-starter-logging-2.5.0.jar:/Users/hemavathitamilmaran/.m2/repository/ch/qos/logback/logback-classic/1.2.3/logback-classic-1.2.3.jar:/Users/hemavathitamilmaran/.m2/repository/ch/qos/logback/logback-core/1.2.3/logback-core-1.2.3.jar:/Users/hemavathitamilmaran/.m2/repository/org/apache/logging/log4j/log4j-to-slf4j/2.14.1/log4j-to-slf4j-2.14.1.jar:/Users/hemavathitamilmaran/.m2/repository/org/slf4j/jul-to-slf4j/1.7.30/jul-to-slf4j-1.7.30.jar:/Users/hemavathitamilmaran/.m2/repository/jakarta/annotation/jakarta.annotation-api/1.3.5/jakarta.annotation-api-1.3.5.jar:/Users/hemavathitamilmaran/.m2/repository/org/yaml/snakeyaml/1.28/snakeyaml-1.28.jar:/Users/hemavathitamilmaran/.m2/repository/org/springframework/boot/spring-boot-starter-json/2.5.0/spring-boot-starter-json-2.5.0.jar:/Users/hemavathitamilmaran/.m2/repository/com/fasterxml/jackson/core/jackson-databind/2.12.3/jackson-databind-2.12.3.jar:/Users/hemavathitamilmaran/.m2/repository/com/fasterxml/jackson/core/jackson-annotations/2.12.3/jackson-annotations-2.12.3.jar:/Users/hemavathitamilmaran/.m2/repository/com/fasterxml/jackson/core/jackson-core/2.12.3/jackson-core-2.12.3.jar:/Users/hemavathitamilmaran/.m2/repository/com/fasterxml/jackson/datatype/jackson-datatype-jdk8/2.12.3/jackson-datatype-jdk8-2.12.3.jar:/Users/hemavathitamilmaran/.m2/repository/com/fasterxml/jackson/datatype/jackson-datatype-jsr310/2.12.3/jackson-datatype-jsr310-2.12.3.jar:/Users/hemavathitamilmaran/.m2/repository/com/fasterxml/jackson/module/jackson-module-parameter-names/2.12.3/jackson-module-parameter-names-2.12.3.jar:/Users/hemavathitamilmaran/.m2/repository/org/springframework/boot/spring-boot-starter-tomcat/2.5.0/spring-boot-starter-tomcat-2.5.0.jar:/Users/hemavathitamilmaran/.m2/repository/org/apache/tomcat/embed/tomcat-embed-core/9.0.46/tomcat-embed-core-9.0.46.jar:/Users/hemavathitamilmaran/.m2/repository/org/apache/tomcat/embed/tomcat-embed-el/9.0.46/tomcat-embed-el-9.0.46.jar:/Users/hemavathitamilmaran/.m2/repository/org/apache/tomcat/embed/tomcat-embed-websocket/9.0.46/tomcat-embed-websocket-9.0.46.jar:/Users/hemavathitamilmaran/.m2/repository/org/springframework/spring-web/5.3.7/spring-web-5.3.7.jar:/Users/hemavathitamilmaran/.m2/repository/org/springframework/spring-beans/5.3.7/spring-beans-5.3.7.jar:/Users/hemavathitamilmaran/.m2/repository/org/springframework/spring-webmvc/5.3.7/spring-webmvc-5.3.7.jar:/Users/hemavathitamilmaran/.m2/repository/org/springframework/spring-context/5.3.7/spring-context-5.3.7.jar:/Users/hemavathitamilmaran/.m2/repository/org/springframework/spring-expression/5.3.7/spring-expression-5.3.7.jar:/Users/hemavathitamilmaran/.m2/repository/org/springframework/boot/spring-boot-starter-data-jpa/2.5.0/spring-boot-starter-data-jpa-2.5.0.jar:/Users/hemavathitamilmaran/.m2/repository/org/springframework/boot/spring-boot-starter-aop/2.5.0/spring-boot-starter-aop-2.5.0.jar:/Users/hemavathitamilmaran/.m2/repository/org/aspectj/aspectjweaver/1.9.6/aspectjweaver-1.9.6.jar:/Users/hemavathitamilmaran/.m2/repository/org/springframework/boot/spring-boot-starter-jdbc/2.5.0/spring-boot-starter-jdbc-2.5.0.jar:/Users/hemavathitamilmaran/.m2/repository/com/zaxxer/HikariCP/4.0.3/HikariCP-4.0.3.jar:/Users/hemavathitamilmaran/.m2/repository/org/springframework/spring-jdbc/5.3.7/spring-jdbc-5.3.7.jar:/Users/hemavathitamilmaran/.m2/repository/jakarta/transaction/jakarta.transaction-api/1.3.3/jakarta.transaction-api-1.3.3.jar:/Users/hemavathitamilmaran/.m2/repository/jakarta/persistence/jakarta.persistence-api/2.2.3/jakarta.persistence-api-2.2.3.jar:/Users/hemavathitamilmaran/.m2/repository/org/hibernate/hibernate-core/5.4.31.Final/hibernate-core-5.4.31.Final.jar:/Users/hemavathitamilmaran/.m2/repository/org/jboss/logging/jboss-logging/3.4.1.Final/jboss-logging-3.4.1.Final.jar:/Users/hemavathitamilmaran/.m2/repository/org/javassist/javassist/3.27.0-GA/javassist-3.27.0-GA.jar:/Users/hemavathitamilmaran/.m2/repository/net/bytebuddy/byte-buddy/1.10.22/byte-buddy-1.10.22.jar:/Users/hemavathitamilmaran/.m2/repository/antlr/antlr/2.7.7/antlr-2.7.7.jar:/Users/hemavathitamilmaran/.m2/repository/org/jboss/jandex/2.2.3.Final/jandex-2.2.3.Final.jar:/Users/hemavathitamilmaran/.m2/repository/com/fasterxml/classmate/1.5.1/classmate-1.5.1.jar:/Users/hemavathitamilmaran/.m2/repository/org/dom4j/dom4j/2.1.3/dom4j-2.1.3.jar:/Users/hemavathitamilmaran/.m2/repository/org/hibernate/common/hibernate-commons-annotations/5.1.2.Final/hibernate-commons-annotations-5.1.2.Final.jar:/Users/hemavathitamilmaran/.m2/repository/org/glassfish/jaxb/jaxb-runtime/2.3.4/jaxb-runtime-2.3.4.jar:/Users/hemavathitamilmaran/.m2/repository/org/glassfish/jaxb/txw2/2.3.4/txw2-2.3.4.jar:/Users/hemavathitamilmaran/.m2/repository/com/sun/istack/istack-commons-runtime/3.0.12/istack-commons-runtime-3.0.12.jar:/Users/hemavathitamilmaran/.m2/repository/com/sun/activation/jakarta.activation/1.2.2/jakarta.activation-1.2.2.jar:/Users/hemavathitamilmaran/.m2/repository/org/springframework/data/spring-data-jpa/2.5.1/spring-data-jpa-2.5.1.jar:/Users/hemavathitamilmaran/.m2/repository/org/springframework/data/spring-data-commons/2.5.1/spring-data-commons-2.5.1.jar:/Users/hemavathitamilmaran/.m2/repository/org/springframework/spring-orm/5.3.7/spring-orm-5.3.7.jar:/Users/hemavathitamilmaran/.m2/repository/org/springframework/spring-tx/5.3.7/spring-tx-5.3.7.jar:/Users/hemavathitamilmaran/.m2/repository/org/slf4j/slf4j-api/1.7.30/slf4j-api-1.7.30.jar:/Users/hemavathitamilmaran/.m2/repository/org/springframework/spring-aspects/5.3.7/spring-aspects-5.3.7.jar:/Users/hemavathitamilmaran/.m2/repository/com/h2database/h2/1.4.200/h2-1.4.200.jar:/Users/hemavathitamilmaran/.m2/repository/org/springframework/boot/spring-boot-starter-test/2.5.0/spring-boot-starter-test-2.5.0.jar:/Users/hemavathitamilmaran/.m2/repository/org/springframework/boot/spring-boot-test/2.5.0/spring-boot-test-2.5.0.jar:/Users/hemavathitamilmaran/.m2/repository/org/springframework/boot/spring-boot-test-autoconfigure/2.5.0/spring-boot-test-autoconfigure-2.5.0.jar:/Users/hemavathitamilmaran/.m2/repository/com/jayway/jsonpath/json-path/2.5.0/json-path-2.5.0.jar:/Users/hemavathitamilmaran/.m2/repository/net/minidev/json-smart/2.4.7/json-smart-2.4.7.jar:/Users/hemavathitamilmaran/.m2/repository/net/minidev/accessors-smart/2.4.7/accessors-smart-2.4.7.jar:/Users/hemavathitamilmaran/.m2/repository/org/ow2/asm/asm/9.1/asm-9.1.jar:/Users/hemavathitamilmaran/.m2/repository/jakarta/xml/bind/jakarta.xml.bind-api/2.3.3/jakarta.xml.bind-api-2.3.3.jar:/Users/hemavathitamilmaran/.m2/repository/jakarta/activation/jakarta.activation-api/1.2.2/jakarta.activation-api-1.2.2.jar:/Users/hemavathitamilmaran/.m2/repository/org/assertj/assertj-core/3.19.0/assertj-core-3.19.0.jar:/Users/hemavathitamilmaran/.m2/repository/org/hamcrest/hamcrest/2.2/hamcrest-2.2.jar:/Users/hemavathitamilmaran/.m2/repository/org/junit/jupiter/junit-jupiter/5.7.2/junit-jupiter-5.7.2.jar:/Users/hemavathitamilmaran/.m2/repository/org/junit/jupiter/junit-jupiter-api/5.7.2/junit-jupiter-api-5.7.2.jar:/Users/hemavathitamilmaran/.m2/repository/org/apiguardian/apiguardian-api/1.1.0/apiguardian-api-1.1.0.jar:/Users/hemavathitamilmaran/.m2/repository/org/opentest4j/opentest4j/1.2.0/opentest4j-1.2.0.jar:/Users/hemavathitamilmaran/.m2/repository/org/junit/platform/junit-platform-commons/1.7.2/junit-platform-commons-1.7.2.jar:/Users/hemavathitamilmaran/.m2/repository/org/junit/jupiter/junit-jupiter-params/5.7.2/junit-jupiter-params-5.7.2.jar:/Users/hemavathitamilmaran/.m2/repository/org/junit/jupiter/junit-jupiter-engine/5.7.2/junit-jupiter-engine-5.7.2.jar:/Users/hemavathitamilmaran/.m2/repository/org/junit/platform/junit-platform-engine/1.7.2/junit-platform-engine-1.7.2.jar:/Users/hemavathitamilmaran/.m2/repository/org/mockito/mockito-core/3.9.0/mockito-core-3.9.0.jar:/Users/hemavathitamilmaran/.m2/repository/net/bytebuddy/byte-buddy-agent/1.10.22/byte-buddy-agent-1.10.22.jar:/Users/hemavathitamilmaran/.m2/repository/org/objenesis/objenesis/3.2/objenesis-3.2.jar:/Users/hemavathitamilmaran/.m2/repository/org/mockito/mockito-junit-jupiter/3.9.0/mockito-junit-jupiter-3.9.0.jar:/Users/hemavathitamilmaran/.m2/repository/org/skyscreamer/jsonassert/1.5.0/jsonassert-1.5.0.jar:/Users/hemavathitamilmaran/.m2/repository/com/vaadin/external/google/android-json/0.0.20131108.vaadin1/android-json-0.0.20131108.vaadin1.jar:/Users/hemavathitamilmaran/.m2/repository/org/springframework/spring-core/5.3.7/spring-core-5.3.7.jar:/Users/hemavathitamilmaran/.m2/repository/org/springframework/spring-jcl/5.3.7/spring-jcl-5.3.7.jar:/Users/hemavathitamilmaran/.m2/repository/org/springframework/spring-test/5.3.7/spring-test-5.3.7.jar:/Users/hemavathitamilmaran/.m2/repository/org/xmlunit/xmlunit-core/2.8.2/xmlunit-core-2.8.2.jar:/Users/hemavathitamilmaran/.m2/repository/org/projectlombok/lombok/1.18.20/lombok-1.18.20.jar:/Users/hemavathitamilmaran/.m2/repository/org/apache/logging/log4j/log4j-api/2.14.1/log4j-api-2.14.1.jar:/Users/hemavathitamilmaran/.m2/repository/org/apache/logging/log4j/log4j-core/2.14.1/log4j-core-2.14.1.jar:/Users/hemavathitamilmaran/.m2/repository/junit/junit/4.13.2/junit-4.13.2.jar:/Users/hemavathitamilmaran/.m2/repository/org/hamcrest/hamcrest-core/2.2/hamcrest-core-2.2.jar:/Users/hemavathitamilmaran/.m2/repository/javax/validation/validation-api/2.0.1.Final/validation-api-2.0.1.Final.jar:/Users/hemavathitamilmaran/.m2/repository/org/springframework/boot/spring-boot-starter-security/2.3.4.RELEASE/spring-boot-starter-security-2.3.4.RELEASE.jar:/Users/hemavathitamilmaran/.m2/repository/org/springframework/spring-aop/5.3.7/spring-aop-5.3.7.jar:/Users/hemavathitamilmaran/.m2/repository/org/springframework/security/spring-security-config/5.5.0/spring-security-config-5.5.0.jar:/Users/hemavathitamilmaran/.m2/repository/org/jetbrains/kotlin/kotlin-stdlib-jdk8/1.5.0/kotlin-stdlib-jdk8-1.5.0.jar:/Users/hemavathitamilmaran/.m2/repository/org/jetbrains/kotlin/kotlin-stdlib/1.5.0/kotlin-stdlib-1.5.0.jar:/Users/hemavathitamilmaran/.m2/repository/org/jetbrains/annotations/13.0/annotations-13.0.jar:/Users/hemavathitamilmaran/.m2/repository/org/jetbrains/kotlin/kotlin-stdlib-common/1.5.0/kotlin-stdlib-common-1.5.0.jar:/Users/hemavathitamilmaran/.m2/repository/org/jetbrains/kotlin/kotlin-stdlib-jdk7/1.5.0/kotlin-stdlib-jdk7-1.5.0.jar:/Users/hemavathitamilmaran/.m2/repository/org/springframework/security/spring-security-web/5.5.0/spring-security-web-5.5.0.jar:/Users/hemavathitamilmaran/.m2/repository/org/springframework/security/spring-security-test/5.5.0/spring-security-test-5.5.0.jar:/Users/hemavathitamilmaran/.m2/repository/org/springframework/security/spring-security-core/5.5.0/spring-security-core-5.5.0.jar:/Users/hemavathitamilmaran/.m2/repository/org/springframework/security/spring-security-crypto/5.5.0/spring-security-crypto-5.5.0.jar:"/>
    <property name="java.vm.vendor" value="Oracle Corporation"/>
    <property name="sun.arch.data.model" value="64"/>
    <property name="java.vendor.url" value="https://openjdk.java.net/"/>
    <property name="os.name" value="Mac OS X"/>
    <property name="java.vm.specification.version" value="16"/>
    <property name="sun.java.launcher" value="SUN_STANDARD"/>
    <property name="user.country" value="GB"/>
    <property name="sun.boot.library.path" value="/opt/homebrew/Cellar/openjdk/15.0.2/libexec/openjdk.jdk/Contents/Home/lib"/>
    <property name="sun.java.command" value="/Users/hemavathitamilmaran/IdeaProjects/creditcard/target/surefire/surefirebooter4546808220048737917.jar /Users/hemavathitamilmaran/IdeaProjects/creditcard/target/surefire 2022-03-29T16-58-29_360-jvmRun1 surefire15807230007777210567tmp surefire_07953387015925220tmp"/>
    <property name="http.nonProxyHosts" value="local|*.local|169.254/16|*.169.254/16"/>
    <property name="jdk.debug" value="release"/>
    <property name="surefire.test.class.path" value="/Users/hemavathitamilmaran/IdeaProjects/creditcard/target/test-classes:/Users/hemavathitamilmaran/IdeaProjects/creditcard/target/classes:/Users/hemavathitamilmaran/.m2/repository/org/springframework/boot/spring-boot-starter-web/2.5.0/spring-boot-starter-web-2.5.0.jar:/Users/hemavathitamilmaran/.m2/repository/org/springframework/boot/spring-boot-starter/2.5.0/spring-boot-starter-2.5.0.jar:/Users/hemavathitamilmaran/.m2/repository/org/springframework/boot/spring-boot/2.5.0/spring-boot-2.5.0.jar:/Users/hemavathitamilmaran/.m2/repository/org/springframework/boot/spring-boot-autoconfigure/2.5.0/spring-boot-autoconfigure-2.5.0.jar:/Users/hemavathitamilmaran/.m2/repository/org/springframework/boot/spring-boot-starter-logging/2.5.0/spring-boot-starter-logging-2.5.0.jar:/Users/hemavathitamilmaran/.m2/repository/ch/qos/logback/logback-classic/1.2.3/logback-classic-1.2.3.jar:/Users/hemavathitamilmaran/.m2/repository/ch/qos/logback/logback-core/1.2.3/logback-core-1.2.3.jar:/Users/hemavathitamilmaran/.m2/repository/org/apache/logging/log4j/log4j-to-slf4j/2.14.1/log4j-to-slf4j-2.14.1.jar:/Users/hemavathitamilmaran/.m2/repository/org/slf4j/jul-to-slf4j/1.7.30/jul-to-slf4j-1.7.30.jar:/Users/hemavathitamilmaran/.m2/repository/jakarta/annotation/jakarta.annotation-api/1.3.5/jakarta.annotation-api-1.3.5.jar:/Users/hemavathitamilmaran/.m2/repository/org/yaml/snakeyaml/1.28/snakeyaml-1.28.jar:/Users/hemavathitamilmaran/.m2/repository/org/springframework/boot/spring-boot-starter-json/2.5.0/spring-boot-starter-json-2.5.0.jar:/Users/hemavathitamilmaran/.m2/repository/com/fasterxml/jackson/core/jackson-databind/2.12.3/jackson-databind-2.12.3.jar:/Users/hemavathitamilmaran/.m2/repository/com/fasterxml/jackson/core/jackson-annotations/2.12.3/jackson-annotations-2.12.3.jar:/Users/hemavathitamilmaran/.m2/repository/com/fasterxml/jackson/core/jackson-core/2.12.3/jackson-core-2.12.3.jar:/Users/hemavathitamilmaran/.m2/repository/com/fasterxml/jackson/datatype/jackson-datatype-jdk8/2.12.3/jackson-datatype-jdk8-2.12.3.jar:/Users/hemavathitamilmaran/.m2/repository/com/fasterxml/jackson/datatype/jackson-datatype-jsr310/2.12.3/jackson-datatype-jsr310-2.12.3.jar:/Users/hemavathitamilmaran/.m2/repository/com/fasterxml/jackson/module/jackson-module-parameter-names/2.12.3/jackson-module-parameter-names-2.12.3.jar:/Users/hemavathitamilmaran/.m2/repository/org/springframework/boot/spring-boot-starter-tomcat/2.5.0/spring-boot-starter-tomcat-2.5.0.jar:/Users/hemavathitamilmaran/.m2/repository/org/apache/tomcat/embed/tomcat-embed-core/9.0.46/tomcat-embed-core-9.0.46.jar:/Users/hemavathitamilmaran/.m2/repository/org/apache/tomcat/embed/tomcat-embed-el/9.0.46/tomcat-embed-el-9.0.46.jar:/Users/hemavathitamilmaran/.m2/repository/org/apache/tomcat/embed/tomcat-embed-websocket/9.0.46/tomcat-embed-websocket-9.0.46.jar:/Users/hemavathitamilmaran/.m2/repository/org/springframework/spring-web/5.3.7/spring-web-5.3.7.jar:/Users/hemavathitamilmaran/.m2/repository/org/springframework/spring-beans/5.3.7/spring-beans-5.3.7.jar:/Users/hemavathitamilmaran/.m2/repository/org/springframework/spring-webmvc/5.3.7/spring-webmvc-5.3.7.jar:/Users/hemavathitamilmaran/.m2/repository/org/springframework/spring-context/5.3.7/spring-context-5.3.7.jar:/Users/hemavathitamilmaran/.m2/repository/org/springframework/spring-expression/5.3.7/spring-expression-5.3.7.jar:/Users/hemavathitamilmaran/.m2/repository/org/springframework/boot/spring-boot-starter-data-jpa/2.5.0/spring-boot-starter-data-jpa-2.5.0.jar:/Users/hemavathitamilmaran/.m2/repository/org/springframework/boot/spring-boot-starter-aop/2.5.0/spring-boot-starter-aop-2.5.0.jar:/Users/hemavathitamilmaran/.m2/repository/org/aspectj/aspectjweaver/1.9.6/aspectjweaver-1.9.6.jar:/Users/hemavathitamilmaran/.m2/repository/org/springframework/boot/spring-boot-starter-jdbc/2.5.0/spring-boot-starter-jdbc-2.5.0.jar:/Users/hemavathitamilmaran/.m2/repository/com/zaxxer/HikariCP/4.0.3/HikariCP-4.0.3.jar:/Users/hemavathitamilmaran/.m2/repository/org/springframework/spring-jdbc/5.3.7/spring-jdbc-5.3.7.jar:/Users/hemavathitamilmaran/.m2/repository/jakarta/transaction/jakarta.transaction-api/1.3.3/jakarta.transaction-api-1.3.3.jar:/Users/hemavathitamilmaran/.m2/repository/jakarta/persistence/jakarta.persistence-api/2.2.3/jakarta.persistence-api-2.2.3.jar:/Users/hemavathitamilmaran/.m2/repository/org/hibernate/hibernate-core/5.4.31.Final/hibernate-core-5.4.31.Final.jar:/Users/hemavathitamilmaran/.m2/repository/org/jboss/logging/jboss-logging/3.4.1.Final/jboss-logging-3.4.1.Final.jar:/Users/hemavathitamilmaran/.m2/repository/org/javassist/javassist/3.27.0-GA/javassist-3.27.0-GA.jar:/Users/hemavathitamilmaran/.m2/repository/net/bytebuddy/byte-buddy/1.10.22/byte-buddy-1.10.22.jar:/Users/hemavathitamilmaran/.m2/repository/antlr/antlr/2.7.7/antlr-2.7.7.jar:/Users/hemavathitamilmaran/.m2/repository/org/jboss/jandex/2.2.3.Final/jandex-2.2.3.Final.jar:/Users/hemavathitamilmaran/.m2/repository/com/fasterxml/classmate/1.5.1/classmate-1.5.1.jar:/Users/hemavathitamilmaran/.m2/repository/org/dom4j/dom4j/2.1.3/dom4j-2.1.3.jar:/Users/hemavathitamilmaran/.m2/repository/org/hibernate/common/hibernate-commons-annotations/5.1.2.Final/hibernate-commons-annotations-5.1.2.Final.jar:/Users/hemavathitamilmaran/.m2/repository/org/glassfish/jaxb/jaxb-runtime/2.3.4/jaxb-runtime-2.3.4.jar:/Users/hemavathitamilmaran/.m2/repository/org/glassfish/jaxb/txw2/2.3.4/txw2-2.3.4.jar:/Users/hemavathitamilmaran/.m2/repository/com/sun/istack/istack-commons-runtime/3.0.12/istack-commons-runtime-3.0.12.jar:/Users/hemavathitamilmaran/.m2/repository/com/sun/activation/jakarta.activation/1.2.2/jakarta.activation-1.2.2.jar:/Users/hemavathitamilmaran/.m2/repository/org/springframework/data/spring-data-jpa/2.5.1/spring-data-jpa-2.5.1.jar:/Users/hemavathitamilmaran/.m2/repository/org/springframework/data/spring-data-commons/2.5.1/spring-data-commons-2.5.1.jar:/Users/hemavathitamilmaran/.m2/repository/org/springframework/spring-orm/5.3.7/spring-orm-5.3.7.jar:/Users/hemavathitamilmaran/.m2/repository/org/springframework/spring-tx/5.3.7/spring-tx-5.3.7.jar:/Users/hemavathitamilmaran/.m2/repository/org/slf4j/slf4j-api/1.7.30/slf4j-api-1.7.30.jar:/Users/hemavathitamilmaran/.m2/repository/org/springframework/spring-aspects/5.3.7/spring-aspects-5.3.7.jar:/Users/hemavathitamilmaran/.m2/repository/com/h2database/h2/1.4.200/h2-1.4.200.jar:/Users/hemavathitamilmaran/.m2/repository/org/springframework/boot/spring-boot-starter-test/2.5.0/spring-boot-starter-test-2.5.0.jar:/Users/hemavathitamilmaran/.m2/repository/org/springframework/boot/spring-boot-test/2.5.0/spring-boot-test-2.5.0.jar:/Users/hemavathitamilmaran/.m2/repository/org/springframework/boot/spring-boot-test-autoconfigure/2.5.0/spring-boot-test-autoconfigure-2.5.0.jar:/Users/hemavathitamilmaran/.m2/repository/com/jayway/jsonpath/json-path/2.5.0/json-path-2.5.0.jar:/Users/hemavathitamilmaran/.m2/repository/net/minidev/json-smart/2.4.7/json-smart-2.4.7.jar:/Users/hemavathitamilmaran/.m2/repository/net/minidev/accessors-smart/2.4.7/accessors-smart-2.4.7.jar:/Users/hemavathitamilmaran/.m2/repository/org/ow2/asm/asm/9.1/asm-9.1.jar:/Users/hemavathitamilmaran/.m2/repository/jakarta/xml/bind/jakarta.xml.bind-api/2.3.3/jakarta.xml.bind-api-2.3.3.jar:/Users/hemavathitamilmaran/.m2/repository/jakarta/activation/jakarta.activation-api/1.2.2/jakarta.activation-api-1.2.2.jar:/Users/hemavathitamilmaran/.m2/repository/org/assertj/assertj-core/3.19.0/assertj-core-3.19.0.jar:/Users/hemavathitamilmaran/.m2/repository/org/hamcrest/hamcrest/2.2/hamcrest-2.2.jar:/Users/hemavathitamilmaran/.m2/repository/org/junit/jupiter/junit-jupiter/5.7.2/junit-jupiter-5.7.2.jar:/Users/hemavathitamilmaran/.m2/repository/org/junit/jupiter/junit-jupiter-api/5.7.2/junit-jupiter-api-5.7.2.jar:/Users/hemavathitamilmaran/.m2/repository/org/apiguardian/apiguardian-api/1.1.0/apiguardian-api-1.1.0.jar:/Users/hemavathitamilmaran/.m2/repository/org/opentest4j/opentest4j/1.2.0/opentest4j-1.2.0.jar:/Users/hemavathitamilmaran/.m2/repository/org/junit/platform/junit-platform-commons/1.7.2/junit-platform-commons-1.7.2.jar:/Users/hemavathitamilmaran/.m2/repository/org/junit/jupiter/junit-jupiter-params/5.7.2/junit-jupiter-params-5.7.2.jar:/Users/hemavathitamilmaran/.m2/repository/org/junit/jupiter/junit-jupiter-engine/5.7.2/junit-jupiter-engine-5.7.2.jar:/Users/hemavathitamilmaran/.m2/repository/org/junit/platform/junit-platform-engine/1.7.2/junit-platform-engine-1.7.2.jar:/Users/hemavathitamilmaran/.m2/repository/org/mockito/mockito-core/3.9.0/mockito-core-3.9.0.jar:/Users/hemavathitamilmaran/.m2/repository/net/bytebuddy/byte-buddy-agent/1.10.22/byte-buddy-agent-1.10.22.jar:/Users/hemavathitamilmaran/.m2/repository/org/objenesis/objenesis/3.2/objenesis-3.2.jar:/Users/hemavathitamilmaran/.m2/repository/org/mockito/mockito-junit-jupiter/3.9.0/mockito-junit-jupiter-3.9.0.jar:/Users/hemavathitamilmaran/.m2/repository/org/skyscreamer/jsonassert/1.5.0/jsonassert-1.5.0.jar:/Users/hemavathitamilmaran/.m2/repository/com/vaadin/external/google/android-json/0.0.20131108.vaadin1/android-json-0.0.20131108.vaadin1.jar:/Users/hemavathitamilmaran/.m2/repository/org/springframework/spring-core/5.3.7/spring-core-5.3.7.jar:/Users/hemavathitamilmaran/.m2/repository/org/springframework/spring-jcl/5.3.7/spring-jcl-5.3.7.jar:/Users/hemavathitamilmaran/.m2/repository/org/springframework/spring-test/5.3.7/spring-test-5.3.7.jar:/Users/hemavathitamilmaran/.m2/repository/org/xmlunit/xmlunit-core/2.8.2/xmlunit-core-2.8.2.jar:/Users/hemavathitamilmaran/.m2/repository/org/projectlombok/lombok/1.18.20/lombok-1.18.20.jar:/Users/hemavathitamilmaran/.m2/repository/org/apache/logging/log4j/log4j-api/2.14.1/log4j-api-2.14.1.jar:/Users/hemavathitamilmaran/.m2/repository/org/apache/logging/log4j/log4j-core/2.14.1/log4j-core-2.14.1.jar:/Users/hemavathitamilmaran/.m2/repository/junit/junit/4.13.2/junit-4.13.2.jar:/Users/hemavathitamilmaran/.m2/repository/org/hamcrest/hamcrest-core/2.2/hamcrest-core-2.2.jar:/Users/hemavathitamilmaran/.m2/repository/javax/validation/validation-api/2.0.1.Final/validation-api-2.0.1.Final.jar:/Users/hemavathitamilmaran/.m2/repository/org/springframework/boot/spring-boot-starter-security/2.3.4.RELEASE/spring-boot-starter-security-2.3.4.RELEASE.jar:/Users/hemavathitamilmaran/.m2/repository/org/springframework/spring-aop/5.3.7/spring-aop-5.3.7.jar:/Users/hemavathitamilmaran/.m2/repository/org/springframework/security/spring-security-config/5.5.0/spring-security-config-5.5.0.jar:/Users/hemavathitamilmaran/.m2/repository/org/jetbrains/kotlin/kotlin-stdlib-jdk8/1.5.0/kotlin-stdlib-jdk8-1.5.0.jar:/Users/hemavathitamilmaran/.m2/repository/org/jetbrains/kotlin/kotlin-stdlib/1.5.0/kotlin-stdlib-1.5.0.jar:/Users/hemavathitamilmaran/.m2/repository/org/jetbrains/annotations/13.0/annotations-13.0.jar:/Users/hemavathitamilmaran/.m2/repository/org/jetbrains/kotlin/kotlin-stdlib-common/1.5.0/kotlin-stdlib-common-1.5.0.jar:/Users/hemavathitamilmaran/.m2/repository/org/jetbrains/kotlin/kotlin-stdlib-jdk7/1.5.0/kotlin-stdlib-jdk7-1.5.0.jar:/Users/hemavathitamilmaran/.m2/repository/org/springframework/security/spring-security-web/5.5.0/spring-security-web-5.5.0.jar:/Users/hemavathitamilmaran/.m2/repository/org/springframework/security/spring-security-test/5.5.0/spring-security-test-5.5.0.jar:/Users/hemavathitamilmaran/.m2/repository/org/springframework/security/spring-security-core/5.5.0/spring-security-core-5.5.0.jar:/Users/hemavathitamilmaran/.m2/repository/org/springframework/security/spring-security-crypto/5.5.0/spring-security-crypto-5.5.0.jar:"/>
    <property name="sun.cpu.endian" value="little"/>
    <property name="user.home" value="/Users/hemavathitamilmaran"/>
    <property name="user.language" value="en"/>
    <property name="java.specification.vendor" value="Oracle Corporation"/>
    <property name="java.version.date" value="2021-03-16"/>
    <property name="java.home" value="/opt/homebrew/Cellar/openjdk/15.0.2/libexec/openjdk.jdk/Contents/Home"/>
    <property name="file.separator" value="/"/>
    <property name="basedir" value="/Users/hemavathitamilmaran/IdeaProjects/creditcard"/>
    <property name="java.vm.compressedOopsMode" value="Zero based"/>
    <property name="line.separator" value="&#10;"/>
    <property name="java.vm.specification.vendor" value="Oracle Corporation"/>
    <property name="java.specification.name" value="Java Platform API Specification"/>
    <property name="surefire.real.class.path" value="/Users/hemavathitamilmaran/IdeaProjects/creditcard/target/surefire/surefirebooter4546808220048737917.jar"/>
    <property name="sun.management.compiler" value="HotSpot 64-Bit Tiered Compilers"/>
    <property name="ftp.nonProxyHosts" value="local|*.local|169.254/16|*.169.254/16"/>
    <property name="java.runtime.version" value="16+14"/>
    <property name="user.name" value="hemavathitamilmaran"/>
    <property name="path.separator" value=":"/>
    <property name="os.version" value="11.1"/>
    <property name="java.runtime.name" value="OpenJDK Runtime Environment"/>
    <property name="file.encoding" value="UTF-8"/>
    <property name="java.vm.name" value="OpenJDK 64-Bit Server VM"/>
    <property name="localRepository" value="/Users/hemavathitamilmaran/.m2/repository"/>
    <property name="java.vendor.url.bug" value="https://bugreport.java.com/bugreport/"/>
    <property name="java.io.tmpdir" value="/var/folders/vy/clkcc0n56hz4pdffqkd9zvwh0000gn/T/"/>
    <property name="java.version" value="16"/>
    <property name="user.dir" value="/Users/hemavathitamilmaran/IdeaProjects/creditcard"/>
    <property name="os.arch" value="aarch64"/>
    <property name="java.vm.specification.name" value="Java Virtual Machine Specification"/>
    <property name="sonar.projectKey" value="CreditCard"/>
    <property name="java.library.path" value="/Users/hemavathitamilmaran/Library/Java/Extensions:/Library/Java/Extensions:/Network/Library/Java/Extensions:/System/Library/Java/Extensions:/usr/lib/java:."/>
    <property name="java.vm.info" value="mixed mode"/>
    <property name="java.vendor" value="N/A"/>
    <property name="java.vm.version" value="16+14"/>
    <property name="sun.io.unicode.encoding" value="UnicodeBig"/>
    <property name="socksNonProxyHosts" value="local|*.local|169.254/16|*.169.254/16"/>
    <property name="java.class.version" value="60.0"/>
  </properties>
  <testcase name="test_Credit_add_endpoint_success" classname="com.sapient.creditcard.integration.CreditCardIntegrationTests" time="0.042">
    <failure message="Status expected:&lt;201&gt; but was:&lt;403&gt;" type="java.lang.AssertionError"><![CDATA[java.lang.AssertionError: Status expected:<201> but was:<403>
	at com.sapient.creditcard.integration.CreditCardIntegrationTests.test_Credit_add_endpoint_success(CreditCardIntegrationTests.java:65)
]]></failure>
    <system-out><![CDATA[2022-03-29 16:58:32.249  INFO 23790 --- [           main] .b.t.c.SpringBootTestContextBootstrapper : Neither @ContextConfiguration nor @ContextHierarchy found for test class [com.sapient.creditcard.integration.CreditCardIntegrationTests], using SpringBootContextLoader
2022-03-29 16:58:32.250  INFO 23790 --- [           main] o.s.t.c.support.AbstractContextLoader    : Could not detect default resource locations for test class [com.sapient.creditcard.integration.CreditCardIntegrationTests]: no resource found for suffixes {-context.xml, Context.groovy}.
2022-03-29 16:58:32.250  INFO 23790 --- [           main] t.c.s.AnnotationConfigContextLoaderUtils : Could not detect default configuration classes for test class [com.sapient.creditcard.integration.CreditCardIntegrationTests]: CreditCardIntegrationTests does not declare any static, non-private, non-final, nested classes annotated with @Configuration.
2022-03-29 16:58:32.254  INFO 23790 --- [           main] .b.t.c.SpringBootTestContextBootstrapper : Found @SpringBootConfiguration com.sapient.creditcard.CreditCardApplication for test class com.sapient.creditcard.integration.CreditCardIntegrationTests
2022-03-29 16:58:32.256  INFO 23790 --- [           main] .b.t.c.SpringBootTestContextBootstrapper : Loaded default TestExecutionListener class names from location [META-INF/spring.factories]: [org.springframework.boot.test.mock.mockito.MockitoTestExecutionListener, org.springframework.boot.test.mock.mockito.ResetMocksTestExecutionListener, org.springframework.boot.test.autoconfigure.restdocs.RestDocsTestExecutionListener, org.springframework.boot.test.autoconfigure.web.client.MockRestServiceServerResetTestExecutionListener, org.springframework.boot.test.autoconfigure.web.servlet.MockMvcPrintOnlyOnFailureTestExecutionListener, org.springframework.boot.test.autoconfigure.web.servlet.WebDriverTestExecutionListener, org.springframework.boot.test.autoconfigure.webservices.client.MockWebServiceServerTestExecutionListener, org.springframework.test.context.web.ServletTestExecutionListener, org.springframework.test.context.support.DirtiesContextBeforeModesTestExecutionListener, org.springframework.test.context.event.ApplicationEventsTestExecutionListener, org.springframework.test.context.support.DependencyInjectionTestExecutionListener, org.springframework.test.context.support.DirtiesContextTestExecutionListener, org.springframework.test.context.transaction.TransactionalTestExecutionListener, org.springframework.test.context.jdbc.SqlScriptsTestExecutionListener, org.springframework.test.context.event.EventPublishingTestExecutionListener, org.springframework.security.test.context.support.WithSecurityContextTestExecutionListener, org.springframework.security.test.context.support.ReactorContextTestExecutionListener]
2022-03-29 16:58:32.257  INFO 23790 --- [           main] .b.t.c.SpringBootTestContextBootstrapper : Using TestExecutionListeners: [org.springframework.test.context.web.ServletTestExecutionListener@21fa19e4, org.springframework.test.context.support.DirtiesContextBeforeModesTestExecutionListener@33a58fcb, org.springframework.test.context.event.ApplicationEventsTestExecutionListener@36a8ebca, org.springframework.boot.test.mock.mockito.MockitoTestExecutionListener@328e687e, org.springframework.boot.test.autoconfigure.SpringBootDependencyInjectionTestExecutionListener@434a72f2, org.springframework.test.context.support.DirtiesContextTestExecutionListener@5c8e7687, org.springframework.test.context.transaction.TransactionalTestExecutionListener@2d093067, org.springframework.test.context.jdbc.SqlScriptsTestExecutionListener@6c056020, org.springframework.test.context.event.EventPublishingTestExecutionListener@7cc842b0, org.springframework.security.test.context.support.WithSecurityContextTestExecutionListener@53dd29e0, org.springframework.security.test.context.support.ReactorContextTestExecutionListener@3733b1f4, org.springframework.boot.test.mock.mockito.ResetMocksTestExecutionListener@70f0c352, org.springframework.boot.test.autoconfigure.restdocs.RestDocsTestExecutionListener@4e93d23e, org.springframework.boot.test.autoconfigure.web.client.MockRestServiceServerResetTestExecutionListener@743b7025, org.springframework.boot.test.autoconfigure.web.servlet.MockMvcPrintOnlyOnFailureTestExecutionListener@5eadc347, org.springframework.boot.test.autoconfigure.web.servlet.WebDriverTestExecutionListener@28b16193, org.springframework.boot.test.autoconfigure.webservices.client.MockWebServiceServerTestExecutionListener@78e34499]

  .   ____          _            __ _ _
 /\\ / ___'_ __ _ _(_)_ __  __ _ \ \ \ \
( ( )\___ | '_ | '_| | '_ \/ _` | \ \ \ \
 \\/  ___)| |_)| | | | | || (_| |  ) ) ) )
  '  |____| .__|_| |_|_| |_\__, | / / / /
 =========|_|==============|___/=/_/_/_/
 :: Spring Boot ::                (v2.5.0)

2022-03-29 16:58:32.286  INFO 23790 --- [           main] c.s.c.i.CreditCardIntegrationTests       : Starting CreditCardIntegrationTests using Java 16 on MacBook-Pro.local with PID 23790 (started by hemavathitamilmaran in /Users/hemavathitamilmaran/IdeaProjects/creditcard)
2022-03-29 16:58:32.286  INFO 23790 --- [           main] c.s.c.i.CreditCardIntegrationTests       : No active profile set, falling back to default profiles: default
2022-03-29 16:58:32.363  INFO 23790 --- [           main] .s.d.r.c.RepositoryConfigurationDelegate : Bootstrapping Spring Data JPA repositories in DEFAULT mode.
2022-03-29 16:58:32.367  INFO 23790 --- [           main] .s.d.r.c.RepositoryConfigurationDelegate : Finished Spring Data repository scanning in 4 ms. Found 1 JPA repository interfaces.
2022-03-29 16:58:32.493  INFO 23790 --- [           main] o.s.b.w.embedded.tomcat.TomcatWebServer  : Tomcat initialized with port(s): 0 (http)
2022-03-29 16:58:32.499  INFO 23790 --- [           main] o.apache.catalina.core.StandardService   : Starting service [Tomcat]
2022-03-29 16:58:32.499  INFO 23790 --- [           main] org.apache.catalina.core.StandardEngine  : Starting Servlet engine: [Apache Tomcat/9.0.46]
2022-03-29 16:58:32.555  INFO 23790 --- [           main] o.a.c.c.C.[Tomcat].[localhost].[/]       : Initializing Spring embedded WebApplicationContext
2022-03-29 16:58:32.555  INFO 23790 --- [           main] w.s.c.ServletWebServerApplicationContext : Root WebApplicationContext: initialization completed in 267 ms
2022-03-29 16:58:32.571  INFO 23790 --- [           main] com.zaxxer.hikari.HikariDataSource       : HikariPool-2 - Starting...
2022-03-29 16:58:32.572  INFO 23790 --- [           main] com.zaxxer.hikari.HikariDataSource       : HikariPool-2 - Start completed.
2022-03-29 16:58:32.572  INFO 23790 --- [           main] o.s.b.a.h2.H2ConsoleAutoConfiguration    : H2 console available at '/h2-console'. Database available at 'jdbc:h2:mem:testdb'
2022-03-29 16:58:32.631  INFO 23790 --- [           main] o.hibernate.jpa.internal.util.LogHelper  : HHH000204: Processing PersistenceUnitInfo [name: default]
2022-03-29 16:58:32.633  INFO 23790 --- [           main] org.hibernate.dialect.Dialect            : HHH000400: Using dialect: org.hibernate.dialect.H2Dialect
2022-03-29 16:58:32.646  INFO 23790 --- [           main] o.h.e.t.j.p.i.JtaPlatformInitiator       : HHH000490: Using JtaPlatform implementation: [org.hibernate.engine.transaction.jta.platform.internal.NoJtaPlatform]
2022-03-29 16:58:32.647  INFO 23790 --- [           main] j.LocalContainerEntityManagerFactoryBean : Initialized JPA EntityManagerFactory for persistence unit 'default'
2022-03-29 16:58:32.683  WARN 23790 --- [           main] JpaBaseConfiguration$JpaWebConfiguration : spring.jpa.open-in-view is enabled by default. Therefore, database queries may be performed during view rendering. Explicitly configure spring.jpa.open-in-view to disable this warning
2022-03-29 16:58:32.785  INFO 23790 --- [           main] .s.s.UserDetailsServiceAutoConfiguration : 

Using generated security password: b3af11eb-6e15-4623-8098-e020d57cda38

2022-03-29 16:58:32.809  INFO 23790 --- [           main] o.s.s.web.DefaultSecurityFilterChain     : Will secure any request with [org.springframework.security.web.context.request.async.WebAsyncManagerIntegrationFilter@56ece9c, org.springframework.security.web.context.SecurityContextPersistenceFilter@20e8286a, org.springframework.security.web.header.HeaderWriterFilter@2d4aadc, org.springframework.security.web.csrf.CsrfFilter@4823f4d0, org.springframework.security.web.authentication.logout.LogoutFilter@2a0d8df8, org.springframework.security.web.authentication.UsernamePasswordAuthenticationFilter@620260ad, org.springframework.security.web.authentication.ui.DefaultLoginPageGeneratingFilter@63be4548, org.springframework.security.web.authentication.ui.DefaultLogoutPageGeneratingFilter@1c4a8c93, org.springframework.security.web.authentication.www.BasicAuthenticationFilter@216c6825, org.springframework.security.web.savedrequest.RequestCacheAwareFilter@4d408746, org.springframework.security.web.servletapi.SecurityContextHolderAwareRequestFilter@6ae55678, org.springframework.security.web.authentication.AnonymousAuthenticationFilter@6d3c80bf, org.springframework.security.web.session.SessionManagementFilter@773ad729, org.springframework.security.web.access.ExceptionTranslationFilter@75f316df, org.springframework.security.web.access.intercept.FilterSecurityInterceptor@58397dd]
2022-03-29 16:58:32.832  INFO 23790 --- [           main] o.a.c.c.C.[Tomcat].[localhost].[/]       : Initializing Spring TestDispatcherServlet ''
2022-03-29 16:58:32.832  INFO 23790 --- [           main] o.s.t.web.servlet.TestDispatcherServlet  : Initializing Servlet ''
2022-03-29 16:58:32.833  INFO 23790 --- [           main] o.s.t.web.servlet.TestDispatcherServlet  : Completed initialization in 1 ms
2022-03-29 16:58:32.865  INFO 23790 --- [           main] o.s.b.w.embedded.tomcat.TomcatWebServer  : Tomcat started on port(s): 58384 (http) with context path ''
2022-03-29 16:58:32.867  INFO 23790 --- [           main] c.s.c.i.CreditCardIntegrationTests       : Started CreditCardIntegrationTests in 0.609 seconds (JVM running for 3.408)
2022-03-29 16:58:32.868  INFO 23790 --- [           main] o.s.b.a.ApplicationAvailabilityBean      : Application availability state LivenessState changed to CORRECT
2022-03-29 16:58:32.868  INFO 23790 --- [           main] o.s.b.a.ApplicationAvailabilityBean      : Application availability state ReadinessState changed to ACCEPTING_TRAFFIC

MockHttpServletRequest:
      HTTP Method = POST
      Request URI = /creditcard
       Parameters = {}
          Headers = [Content-Type:"application/json;charset=UTF-8", Authorization:"Basic YWRtaW46YWRtaW4=", Content-Length:"95"]
             Body = {"creditAccountId":"123","cardNumber":61789372994,"name":"Hema","limit":1000.50,"balance":null}
    Session Attrs = {org.springframework.security.web.csrf.HttpSessionCsrfTokenRepository.CSRF_TOKEN=org.springframework.security.web.csrf.DefaultCsrfToken@5d729af6}

Handler:
             Type = null

Async:
    Async started = false
     Async result = null

Resolved Exception:
             Type = null

ModelAndView:
        View name = null
             View = null
            Model = null

FlashMap:
       Attributes = null

MockHttpServletResponse:
           Status = 403
    Error message = Forbidden
          Headers = [X-Content-Type-Options:"nosniff", X-XSS-Protection:"1; mode=block", Cache-Control:"no-cache, no-store, max-age=0, must-revalidate", Pragma:"no-cache", Expires:"0", X-Frame-Options:"DENY"]
     Content type = null
             Body = 
    Forwarded URL = null
   Redirected URL = null
          Cookies = []
]]></system-out>
  </testcase>
  <testcase name="test_add_endpoint_for_existing_card" classname="com.sapient.creditcard.integration.CreditCardIntegrationTests" time="0.01">
    <failure message="Status expected:&lt;500&gt; but was:&lt;403&gt;" type="java.lang.AssertionError"><![CDATA[java.lang.AssertionError: Status expected:<500> but was:<403>
	at com.sapient.creditcard.integration.CreditCardIntegrationTests.test_add_endpoint_for_existing_card(CreditCardIntegrationTests.java:83)
]]></failure>
    <system-out><![CDATA[
MockHttpServletRequest:
      HTTP Method = POST
      Request URI = /creditcard
       Parameters = {}
          Headers = [Content-Type:"application/json;charset=UTF-8", Authorization:"Basic YWRtaW46YWRtaW4=", Content-Length:"95"]
             Body = {"creditAccountId":"123","cardNumber":61789372994,"name":"Hema","limit":1000.50,"balance":null}
    Session Attrs = {org.springframework.security.web.csrf.HttpSessionCsrfTokenRepository.CSRF_TOKEN=org.springframework.security.web.csrf.DefaultCsrfToken@452ea8f0}

Handler:
             Type = null

Async:
    Async started = false
     Async result = null

Resolved Exception:
             Type = null

ModelAndView:
        View name = null
             View = null
            Model = null

FlashMap:
       Attributes = null

MockHttpServletResponse:
           Status = 403
    Error message = Forbidden
          Headers = [X-Content-Type-Options:"nosniff", X-XSS-Protection:"1; mode=block", Cache-Control:"no-cache, no-store, max-age=0, must-revalidate", Pragma:"no-cache", Expires:"0", X-Frame-Options:"DENY"]
     Content type = null
             Body = 
    Forwarded URL = null
   Redirected URL = null
          Cookies = []

MockHttpServletRequest:
      HTTP Method = POST
      Request URI = /creditcard
       Parameters = {}
          Headers = [Content-Type:"application/json;charset=UTF-8", Authorization:"Basic YWRtaW46YWRtaW4=", Content-Length:"95"]
             Body = {"creditAccountId":"123","cardNumber":61789372994,"name":"Hema","limit":1000.50,"balance":null}
    Session Attrs = {org.springframework.security.web.csrf.HttpSessionCsrfTokenRepository.CSRF_TOKEN=org.springframework.security.web.csrf.DefaultCsrfToken@e417628}

Handler:
             Type = null

Async:
    Async started = false
     Async result = null

Resolved Exception:
             Type = null

ModelAndView:
        View name = null
             View = null
            Model = null

FlashMap:
       Attributes = null

MockHttpServletResponse:
           Status = 403
    Error message = Forbidden
          Headers = [X-Content-Type-Options:"nosniff", X-XSS-Protection:"1; mode=block", Cache-Control:"no-cache, no-store, max-age=0, must-revalidate", Pragma:"no-cache", Expires:"0", X-Frame-Options:"DENY"]
     Content type = null
             Body = 
    Forwarded URL = null
   Redirected URL = null
          Cookies = []
]]></system-out>
  </testcase>
  <testcase name="test_add_endpoint_for_not_valid_card" classname="com.sapient.creditcard.integration.CreditCardIntegrationTests" time="0.004">
    <failure message="Status expected:&lt;500&gt; but was:&lt;403&gt;" type="java.lang.AssertionError"><![CDATA[java.lang.AssertionError: Status expected:<500> but was:<403>
	at com.sapient.creditcard.integration.CreditCardIntegrationTests.test_add_endpoint_for_not_valid_card(CreditCardIntegrationTests.java:95)
]]></failure>
    <system-out><![CDATA[
MockHttpServletRequest:
      HTTP Method = POST
      Request URI = /creditcard
       Parameters = {}
          Headers = [Content-Type:"application/json;charset=UTF-8", Authorization:"Basic YWRtaW46YWRtaW4=", Content-Length:"95"]
             Body = {"creditAccountId":"123","cardNumber":61789372994,"name":"Hema","limit":1000.50,"balance":null}
    Session Attrs = {org.springframework.security.web.csrf.HttpSessionCsrfTokenRepository.CSRF_TOKEN=org.springframework.security.web.csrf.DefaultCsrfToken@46f3d0f7}

Handler:
             Type = null

Async:
    Async started = false
     Async result = null

Resolved Exception:
             Type = null

ModelAndView:
        View name = null
             View = null
            Model = null

FlashMap:
       Attributes = null

MockHttpServletResponse:
           Status = 403
    Error message = Forbidden
          Headers = [X-Content-Type-Options:"nosniff", X-XSS-Protection:"1; mode=block", Cache-Control:"no-cache, no-store, max-age=0, must-revalidate", Pragma:"no-cache", Expires:"0", X-Frame-Options:"DENY"]
     Content type = null
             Body = 
    Forwarded URL = null
   Redirected URL = null
          Cookies = []
]]></system-out>
  </testcase>
  <testcase name="test_add_endpoint_for_missing_card_details" classname="com.sapient.creditcard.integration.CreditCardIntegrationTests" time="0.014">
    <failure message="Status expected:&lt;400&gt; but was:&lt;403&gt;" type="java.lang.AssertionError"><![CDATA[java.lang.AssertionError: Status expected:<400> but was:<403>
	at com.sapient.creditcard.integration.CreditCardIntegrationTests.test_add_endpoint_for_missing_card_details(CreditCardIntegrationTests.java:107)
]]></failure>
    <system-out><![CDATA[
MockHttpServletRequest:
      HTTP Method = POST
      Request URI = /creditcard
       Parameters = {}
          Headers = [Content-Type:"application/json;charset=UTF-8", Authorization:"Basic YWRtaW46YWRtaW4=", Content-Length:"93"]
             Body = {"creditAccountId":"123","cardNumber":61789372994,"name":null,"limit":1000.50,"balance":null}
    Session Attrs = {org.springframework.security.web.csrf.HttpSessionCsrfTokenRepository.CSRF_TOKEN=org.springframework.security.web.csrf.DefaultCsrfToken@592fbd8}

Handler:
             Type = null

Async:
    Async started = false
     Async result = null

Resolved Exception:
             Type = null

ModelAndView:
        View name = null
             View = null
            Model = null

FlashMap:
       Attributes = null

MockHttpServletResponse:
           Status = 403
    Error message = Forbidden
          Headers = [X-Content-Type-Options:"nosniff", X-XSS-Protection:"1; mode=block", Cache-Control:"no-cache, no-store, max-age=0, must-revalidate", Pragma:"no-cache", Expires:"0", X-Frame-Options:"DENY"]
     Content type = null
             Body = 
    Forwarded URL = null
   Redirected URL = null
          Cookies = []
]]></system-out>
  </testcase>
  <testcase name="test_get_all_endpoint_for_success_scenario" classname="com.sapient.creditcard.integration.CreditCardIntegrationTests" time="0.216">
    <failure message="Status expected:&lt;200&gt; but was:&lt;401&gt;" type="java.lang.AssertionError"><![CDATA[java.lang.AssertionError: Status expected:<200> but was:<401>
	at com.sapient.creditcard.integration.CreditCardIntegrationTests.test_get_all_endpoint_for_success_scenario(CreditCardIntegrationTests.java:118)
]]></failure>
    <system-out><![CDATA[
MockHttpServletRequest:
      HTTP Method = GET
      Request URI = /creditcard
       Parameters = {}
          Headers = [Content-Type:"application/json;charset=UTF-8", Authorization:"Basic YWRtaW46YWRtaW4="]
             Body = null
    Session Attrs = {}

Handler:
             Type = null

Async:
    Async started = false
     Async result = null

Resolved Exception:
             Type = null

ModelAndView:
        View name = null
             View = null
            Model = null

FlashMap:
       Attributes = null

MockHttpServletResponse:
           Status = 401
    Error message = Unauthorized
          Headers = [WWW-Authenticate:"Basic realm="Realm"", X-Content-Type-Options:"nosniff", X-XSS-Protection:"1; mode=block", Cache-Control:"no-cache, no-store, max-age=0, must-revalidate", Pragma:"no-cache", Expires:"0", X-Frame-Options:"DENY"]
     Content type = null
             Body = 
    Forwarded URL = null
   Redirected URL = null
          Cookies = []
]]></system-out>
  </testcase>
</testsuite>